<?xml version="1.0" encoding="UTF-8"?>
<coverage generated="1631496914044" clover="3.2.0">
  <project timestamp="1631496914044" name="All files">
    <metrics statements="71" coveredstatements="40" conditionals="26" coveredconditionals="15" methods="34" coveredmethods="13" elements="131" coveredelements="68" complexity="0" loc="71" ncloc="71" packages="1" files="3" classes="3"/>
    <file name="AuthContext.tsx" path="/Users/melo/Desktop/Dev/Projetos/react-native/mel-da-terra-mobile/src/store/AuthContext.tsx">
      <metrics statements="55" coveredstatements="40" conditionals="24" coveredconditionals="15" methods="25" coveredmethods="13"/>
      <line num="31" count="1" type="stmt"/>
      <line num="33" count="0" type="stmt"/>
      <line num="35" count="0" type="stmt"/>
      <line num="36" count="0" type="stmt"/>
      <line num="37" count="0" type="stmt"/>
      <line num="38" count="0" type="stmt"/>
      <line num="42" count="14" type="stmt"/>
      <line num="43" count="14" type="stmt"/>
      <line num="46" count="3" type="stmt"/>
      <line num="47" count="3" type="stmt"/>
      <line num="49" count="3" type="cond" truecount="1" falsecount="1"/>
      <line num="50" count="3" type="stmt"/>
      <line num="51" count="3" type="stmt"/>
      <line num="52" count="3" type="stmt"/>
      <line num="56" count="0" type="stmt"/>
      <line num="63" count="1" type="stmt"/>
      <line num="64" count="1" type="stmt"/>
      <line num="66" count="1" type="cond" truecount="1" falsecount="1"/>
      <line num="67" count="1" type="stmt"/>
      <line num="75" count="1" type="stmt"/>
      <line num="76" count="1" type="stmt"/>
      <line num="77" count="1" type="stmt"/>
      <line num="80" count="0" type="stmt"/>
      <line num="85" count="2" type="stmt"/>
      <line num="86" count="2" type="stmt"/>
      <line num="87" count="2" type="cond" truecount="2" falsecount="0"/>
      <line num="88" count="1" type="stmt"/>
      <line num="89" count="1" type="stmt"/>
      <line num="96" count="1" type="stmt"/>
      <line num="98" count="1" type="cond" truecount="1" falsecount="1"/>
      <line num="99" count="0" type="stmt"/>
      <line num="100" count="0" type="stmt"/>
      <line num="103" count="1" type="stmt"/>
      <line num="104" count="1" type="stmt"/>
      <line num="107" count="0" type="stmt"/>
      <line num="112" count="0" type="stmt"/>
      <line num="116" count="3" type="stmt"/>
      <line num="117" count="3" type="stmt"/>
      <line num="118" count="3" type="stmt"/>
      <line num="125" count="6" type="stmt"/>
      <line num="126" count="6" type="cond" truecount="1" falsecount="1"/>
      <line num="128" count="0" type="stmt"/>
      <line num="129" count="0" type="stmt"/>
      <line num="131" count="0" type="cond" truecount="0" falsecount="2"/>
      <line num="132" count="0" type="stmt"/>
      <line num="138" count="5" type="stmt"/>
      <line num="139" count="5" type="stmt"/>
      <line num="140" count="5" type="cond" truecount="1" falsecount="1"/>
      <line num="145" count="3" type="stmt"/>
      <line num="148" count="14" type="stmt"/>
      <line num="149" count="6" type="stmt"/>
      <line num="152" count="14" type="stmt"/>
      <line num="161" count="14" type="stmt"/>
      <line num="164" count="1" type="stmt"/>
      <line num="165" count="14" type="stmt"/>
    </file>
    <file name="OrdersContext.tsx" path="/Users/melo/Desktop/Dev/Projetos/react-native/mel-da-terra-mobile/src/store/OrdersContext.tsx">
      <metrics statements="7" coveredstatements="0" conditionals="0" coveredconditionals="0" methods="5" coveredmethods="0"/>
      <line num="16" count="0" type="stmt"/>
      <line num="26" count="0" type="stmt"/>
      <line num="32" count="0" type="stmt"/>
      <line num="38" count="0" type="stmt"/>
      <line num="43" count="0" type="stmt"/>
      <line num="49" count="0" type="stmt"/>
      <line num="56" count="0" type="stmt"/>
    </file>
    <file name="ThemeContext.tsx" path="/Users/melo/Desktop/Dev/Projetos/react-native/mel-da-terra-mobile/src/store/ThemeContext.tsx">
      <metrics statements="9" coveredstatements="0" conditionals="2" coveredconditionals="0" methods="4" coveredmethods="0"/>
      <line num="15" count="0" type="stmt"/>
      <line num="21" count="0" type="stmt"/>
      <line num="24" count="0" type="cond" truecount="0" falsecount="2"/>
      <line num="25" count="0" type="stmt"/>
      <line num="28" count="0" type="stmt"/>
      <line num="33" count="0" type="stmt"/>
      <line num="37" count="0" type="stmt"/>
      <line num="38" count="0" type="stmt"/>
      <line num="39" count="0" type="stmt"/>
    </file>
  </project>
</coverage>
