{"/Users/melo/Desktop/Dev/Projetos/react-native/mel-da-terra-mobile/src/store/AuthContext.tsx": {"path":"/Users/melo/Desktop/Dev/Projetos/react-native/mel-da-terra-mobile/src/store/AuthContext.tsx","statementMap":{"0":{"start":{"line":31,"column":27},"end":{"line":39,"column":2}},"1":{"start":{"line":33,"column":49},"end":{"line":33,"column":85}},"2":{"start":{"line":35,"column":8},"end":{"line":35,"column":44}},"3":{"start":{"line":36,"column":24},"end":{"line":36,"column":60}},"4":{"start":{"line":37,"column":26},"end":{"line":37,"column":62}},"5":{"start":{"line":38,"column":18},"end":{"line":38,"column":54}},"6":{"start":{"line":42,"column":28},"end":{"line":42,"column":59}},"7":{"start":{"line":43,"column":24},"end":{"line":43,"column":47}},"8":{"start":{"line":46,"column":8},"end":{"line":59,"column":9}},"9":{"start":{"line":47,"column":36},"end":{"line":47,"column":89}},"10":{"start":{"line":49,"column":12},"end":{"line":53,"column":13}},"11":{"start":{"line":50,"column":29},"end":{"line":50,"column":58}},"12":{"start":{"line":51,"column":16},"end":{"line":51,"column":35}},"13":{"start":{"line":51,"column":29},"end":{"line":51,"column":33}},"14":{"start":{"line":52,"column":16},"end":{"line":52,"column":32}},"15":{"start":{"line":56,"column":12},"end":{"line":58,"column":14}},"16":{"start":{"line":63,"column":8},"end":{"line":81,"column":9}},"17":{"start":{"line":64,"column":36},"end":{"line":64,"column":90}},"18":{"start":{"line":66,"column":12},"end":{"line":78,"column":13}},"19":{"start":{"line":67,"column":42},"end":{"line":73,"column":17}},"20":{"start":{"line":75,"column":16},"end":{"line":75,"column":60}},"21":{"start":{"line":76,"column":16},"end":{"line":76,"column":33}},"22":{"start":{"line":77,"column":16},"end":{"line":77,"column":35}},"23":{"start":{"line":80,"column":12},"end":{"line":80,"column":78}},"24":{"start":{"line":85,"column":8},"end":{"line":108,"column":9}},"25":{"start":{"line":86,"column":36},"end":{"line":86,"column":56}},"26":{"start":{"line":87,"column":12},"end":{"line":105,"column":13}},"27":{"start":{"line":88,"column":49},"end":{"line":88,"column":64}},"28":{"start":{"line":89,"column":42},"end":{"line":94,"column":17}},"29":{"start":{"line":96,"column":35},"end":{"line":96,"column":64}},"30":{"start":{"line":98,"column":16},"end":{"line":101,"column":17}},"31":{"start":{"line":99,"column":20},"end":{"line":99,"column":64}},"32":{"start":{"line":100,"column":20},"end":{"line":100,"column":56}},"33":{"start":{"line":103,"column":16},"end":{"line":103,"column":33}},"34":{"start":{"line":104,"column":16},"end":{"line":104,"column":35}},"35":{"start":{"line":107,"column":12},"end":{"line":107,"column":81}},"36":{"start":{"line":112,"column":8},"end":{"line":112,"column":36}},"37":{"start":{"line":116,"column":8},"end":{"line":116,"column":32}},"38":{"start":{"line":117,"column":8},"end":{"line":117,"column":22}},"39":{"start":{"line":118,"column":8},"end":{"line":118,"column":23}},"40":{"start":{"line":125,"column":8},"end":{"line":134,"column":11}},"41":{"start":{"line":126,"column":12},"end":{"line":126,"column":30}},"42":{"start":{"line":126,"column":23},"end":{"line":126,"column":30}},"43":{"start":{"line":128,"column":29},"end":{"line":128,"column":67}},"44":{"start":{"line":129,"column":12},"end":{"line":129,"column":30}},"45":{"start":{"line":131,"column":12},"end":{"line":133,"column":13}},"46":{"start":{"line":132,"column":16},"end":{"line":132,"column":33}},"47":{"start":{"line":138,"column":24},"end":{"line":138,"column":44}},"48":{"start":{"line":139,"column":8},"end":{"line":141,"column":11}},"49":{"start":{"line":140,"column":12},"end":{"line":140,"column":50}},"50":{"start":{"line":140,"column":21},"end":{"line":140,"column":50}},"51":{"start":{"line":145,"column":8},"end":{"line":145,"column":39}},"52":{"start":{"line":148,"column":4},"end":{"line":150,"column":11}},"53":{"start":{"line":149,"column":8},"end":{"line":149,"column":23}},"54":{"start":{"line":152,"column":34},"end":{"line":159,"column":5}},"55":{"start":{"line":161,"column":4},"end":{"line":161,"column":83}},"56":{"start":{"line":164,"column":30},"end":{"line":166,"column":1}},"57":{"start":{"line":165,"column":4},"end":{"line":165,"column":35}}},"fnMap":{"0":{"name":"(anonymous_0)","decl":{"start":{"line":33,"column":12},"end":{"line":33,"column":13}},"loc":{"start":{"line":33,"column":49},"end":{"line":33,"column":85}},"line":33},"1":{"name":"(anonymous_1)","decl":{"start":{"line":33,"column":61},"end":{"line":33,"column":62}},"loc":{"start":{"line":33,"column":82},"end":{"line":33,"column":84}},"line":33},"2":{"name":"(anonymous_2)","decl":{"start":{"line":34,"column":12},"end":{"line":34,"column":13}},"loc":{"start":{"line":35,"column":8},"end":{"line":35,"column":44}},"line":35},"3":{"name":"(anonymous_3)","decl":{"start":{"line":35,"column":20},"end":{"line":35,"column":21}},"loc":{"start":{"line":35,"column":41},"end":{"line":35,"column":43}},"line":35},"4":{"name":"(anonymous_4)","decl":{"start":{"line":36,"column":18},"end":{"line":36,"column":19}},"loc":{"start":{"line":36,"column":24},"end":{"line":36,"column":60}},"line":36},"5":{"name":"(anonymous_5)","decl":{"start":{"line":36,"column":36},"end":{"line":36,"column":37}},"loc":{"start":{"line":36,"column":57},"end":{"line":36,"column":59}},"line":36},"6":{"name":"(anonymous_6)","decl":{"start":{"line":37,"column":20},"end":{"line":37,"column":21}},"loc":{"start":{"line":37,"column":26},"end":{"line":37,"column":62}},"line":37},"7":{"name":"(anonymous_7)","decl":{"start":{"line":37,"column":38},"end":{"line":37,"column":39}},"loc":{"start":{"line":37,"column":59},"end":{"line":37,"column":61}},"line":37},"8":{"name":"(anonymous_8)","decl":{"start":{"line":38,"column":12},"end":{"line":38,"column":13}},"loc":{"start":{"line":38,"column":18},"end":{"line":38,"column":54}},"line":38},"9":{"name":"(anonymous_9)","decl":{"start":{"line":38,"column":30},"end":{"line":38,"column":31}},"loc":{"start":{"line":38,"column":51},"end":{"line":38,"column":53}},"line":38},"10":{"name":"AuthContextProvider","decl":{"start":{"line":41,"column":16},"end":{"line":41,"column":35}},"loc":{"start":{"line":41,"column":77},"end":{"line":162,"column":1}},"line":41},"11":{"name":"handleSignIn","decl":{"start":{"line":45,"column":19},"end":{"line":45,"column":31}},"loc":{"start":{"line":45,"column":65},"end":{"line":60,"column":5}},"line":45},"12":{"name":"(anonymous_12)","decl":{"start":{"line":51,"column":24},"end":{"line":51,"column":25}},"loc":{"start":{"line":51,"column":29},"end":{"line":51,"column":33}},"line":51},"13":{"name":"handleSignUp","decl":{"start":{"line":62,"column":19},"end":{"line":62,"column":31}},"loc":{"start":{"line":62,"column":83},"end":{"line":82,"column":5}},"line":62},"14":{"name":"handleGoogleSignIn","decl":{"start":{"line":84,"column":19},"end":{"line":84,"column":37}},"loc":{"start":{"line":84,"column":40},"end":{"line":109,"column":5}},"line":84},"15":{"name":"handleFacebookSignIn","decl":{"start":{"line":111,"column":19},"end":{"line":111,"column":39}},"loc":{"start":{"line":111,"column":42},"end":{"line":113,"column":5}},"line":111},"16":{"name":"(anonymous_16)","decl":{"start":{"line":112,"column":26},"end":{"line":112,"column":27}},"loc":{"start":{"line":112,"column":32},"end":{"line":112,"column":34}},"line":112},"17":{"name":"handleLogout","decl":{"start":{"line":115,"column":19},"end":{"line":115,"column":31}},"loc":{"start":{"line":115,"column":34},"end":{"line":119,"column":5}},"line":115},"18":{"name":"retrieveUser","decl":{"start":{"line":124,"column":13},"end":{"line":124,"column":25}},"loc":{"start":{"line":124,"column":28},"end":{"line":135,"column":5}},"line":124},"19":{"name":"(anonymous_19)","decl":{"start":{"line":125,"column":28},"end":{"line":125,"column":29}},"loc":{"start":{"line":125,"column":43},"end":{"line":134,"column":9}},"line":125},"20":{"name":"storeUser","decl":{"start":{"line":137,"column":19},"end":{"line":137,"column":28}},"loc":{"start":{"line":137,"column":45},"end":{"line":142,"column":5}},"line":137},"21":{"name":"(anonymous_21)","decl":{"start":{"line":139,"column":43},"end":{"line":139,"column":44}},"loc":{"start":{"line":139,"column":50},"end":{"line":141,"column":9}},"line":139},"22":{"name":"clearStorage","decl":{"start":{"line":144,"column":19},"end":{"line":144,"column":31}},"loc":{"start":{"line":144,"column":34},"end":{"line":146,"column":5}},"line":144},"23":{"name":"(anonymous_23)","decl":{"start":{"line":148,"column":14},"end":{"line":148,"column":15}},"loc":{"start":{"line":148,"column":20},"end":{"line":150,"column":5}},"line":148},"24":{"name":"(anonymous_24)","decl":{"start":{"line":164,"column":30},"end":{"line":164,"column":31}},"loc":{"start":{"line":164,"column":36},"end":{"line":166,"column":1}},"line":164}},"branchMap":{"0":{"loc":{"start":{"line":49,"column":12},"end":{"line":53,"column":13}},"type":"if","locations":[{"start":{"line":49,"column":12},"end":{"line":53,"column":13}},{"start":{"line":49,"column":12},"end":{"line":53,"column":13}}],"line":49},"1":{"loc":{"start":{"line":66,"column":12},"end":{"line":78,"column":13}},"type":"if","locations":[{"start":{"line":66,"column":12},"end":{"line":78,"column":13}},{"start":{"line":66,"column":12},"end":{"line":78,"column":13}}],"line":66},"2":{"loc":{"start":{"line":70,"column":26},"end":{"line":70,"column":40}},"type":"binary-expr","locations":[{"start":{"line":70,"column":26},"end":{"line":70,"column":34}},{"start":{"line":70,"column":38},"end":{"line":70,"column":40}}],"line":70},"3":{"loc":{"start":{"line":71,"column":31},"end":{"line":71,"column":66}},"type":"binary-expr","locations":[{"start":{"line":71,"column":31},"end":{"line":71,"column":60}},{"start":{"line":71,"column":64},"end":{"line":71,"column":66}}],"line":71},"4":{"loc":{"start":{"line":72,"column":27},"end":{"line":72,"column":65}},"type":"binary-expr","locations":[{"start":{"line":72,"column":27},"end":{"line":72,"column":59}},{"start":{"line":72,"column":63},"end":{"line":72,"column":65}}],"line":72},"5":{"loc":{"start":{"line":87,"column":12},"end":{"line":105,"column":13}},"type":"if","locations":[{"start":{"line":87,"column":12},"end":{"line":105,"column":13}},{"start":{"line":87,"column":12},"end":{"line":105,"column":13}}],"line":87},"6":{"loc":{"start":{"line":92,"column":26},"end":{"line":92,"column":36}},"type":"binary-expr","locations":[{"start":{"line":92,"column":26},"end":{"line":92,"column":30}},{"start":{"line":92,"column":34},"end":{"line":92,"column":36}}],"line":92},"7":{"loc":{"start":{"line":93,"column":31},"end":{"line":93,"column":44}},"type":"binary-expr","locations":[{"start":{"line":93,"column":31},"end":{"line":93,"column":38}},{"start":{"line":93,"column":42},"end":{"line":93,"column":44}}],"line":93},"8":{"loc":{"start":{"line":98,"column":16},"end":{"line":101,"column":17}},"type":"if","locations":[{"start":{"line":98,"column":16},"end":{"line":101,"column":17}},{"start":{"line":98,"column":16},"end":{"line":101,"column":17}}],"line":98},"9":{"loc":{"start":{"line":126,"column":12},"end":{"line":126,"column":30}},"type":"if","locations":[{"start":{"line":126,"column":12},"end":{"line":126,"column":30}},{"start":{"line":126,"column":12},"end":{"line":126,"column":30}}],"line":126},"10":{"loc":{"start":{"line":131,"column":12},"end":{"line":133,"column":13}},"type":"if","locations":[{"start":{"line":131,"column":12},"end":{"line":133,"column":13}},{"start":{"line":131,"column":12},"end":{"line":133,"column":13}}],"line":131},"11":{"loc":{"start":{"line":140,"column":12},"end":{"line":140,"column":50}},"type":"if","locations":[{"start":{"line":140,"column":12},"end":{"line":140,"column":50}},{"start":{"line":140,"column":12},"end":{"line":140,"column":50}}],"line":140}},"s":{"0":1,"1":0,"2":0,"3":0,"4":0,"5":0,"6":14,"7":14,"8":3,"9":3,"10":3,"11":3,"12":3,"13":3,"14":3,"15":0,"16":1,"17":1,"18":1,"19":1,"20":1,"21":1,"22":1,"23":0,"24":2,"25":2,"26":2,"27":1,"28":1,"29":1,"30":1,"31":0,"32":0,"33":1,"34":1,"35":0,"36":0,"37":3,"38":3,"39":3,"40":6,"41":6,"42":6,"43":0,"44":0,"45":0,"46":0,"47":5,"48":5,"49":5,"50":0,"51":3,"52":14,"53":6,"54":14,"55":14,"56":1,"57":14},"f":{"0":0,"1":0,"2":0,"3":0,"4":0,"5":0,"6":0,"7":0,"8":0,"9":0,"10":14,"11":3,"12":3,"13":1,"14":2,"15":0,"16":0,"17":3,"18":6,"19":6,"20":5,"21":5,"22":3,"23":6,"24":14},"b":{"0":[3,0],"1":[1,0],"2":[1,0],"3":[1,1],"4":[1,1],"5":[1,1],"6":[1,0],"7":[1,1],"8":[0,1],"9":[6,0],"10":[0,0],"11":[0,5]},"_coverageSchema":"1a1c01bbd47fc00a2c39e90264f33305004495a9","hash":"fed2886d802ffb95cdc54af8fb2c90d6db7e6f52"}
,"/Users/melo/Desktop/Dev/Projetos/react-native/mel-da-terra-mobile/src/store/OrdersContext.tsx": {"path":"/Users/melo/Desktop/Dev/Projetos/react-native/mel-da-terra-mobile/src/store/OrdersContext.tsx","statementMap":{"0":{"start":{"line":16,"column":29},"end":{"line":22,"column":2}},"1":{"start":{"line":26,"column":44},"end":{"line":29,"column":6}},"2":{"start":{"line":32,"column":29},"end":{"line":36,"column":9}},"3":{"start":{"line":38,"column":33},"end":{"line":41,"column":9}},"4":{"start":{"line":43,"column":8},"end":{"line":43,"column":34}},"5":{"start":{"line":49,"column":20},"end":{"line":54,"column":5}},"6":{"start":{"line":56,"column":4},"end":{"line":56,"column":87}}},"fnMap":{"0":{"name":"(anonymous_0)","decl":{"start":{"line":20,"column":21},"end":{"line":20,"column":22}},"loc":{"start":{"line":20,"column":78},"end":{"line":20,"column":80}},"line":20},"1":{"name":"(anonymous_1)","decl":{"start":{"line":21,"column":24},"end":{"line":21,"column":25}},"loc":{"start":{"line":21,"column":40},"end":{"line":21,"column":42}},"line":21},"2":{"name":"OrdersContextProvider","decl":{"start":{"line":24,"column":16},"end":{"line":24,"column":37}},"loc":{"start":{"line":24,"column":73},"end":{"line":57,"column":1}},"line":24},"3":{"name":"handleAddOrderProduct","decl":{"start":{"line":31,"column":13},"end":{"line":31,"column":34}},"loc":{"start":{"line":31,"column":88},"end":{"line":44,"column":5}},"line":31},"4":{"name":"handleRemoveOrderProduct","decl":{"start":{"line":45,"column":13},"end":{"line":45,"column":37}},"loc":{"start":{"line":45,"column":50},"end":{"line":47,"column":5}},"line":45}},"branchMap":{},"s":{"0":0,"1":0,"2":0,"3":0,"4":0,"5":0,"6":0},"f":{"0":0,"1":0,"2":0,"3":0,"4":0},"b":{}}
,"/Users/melo/Desktop/Dev/Projetos/react-native/mel-da-terra-mobile/src/store/ThemeContext.tsx": {"path":"/Users/melo/Desktop/Dev/Projetos/react-native/mel-da-terra-mobile/src/store/ThemeContext.tsx","statementMap":{"0":{"start":{"line":15,"column":28},"end":{"line":18,"column":2}},"1":{"start":{"line":21,"column":30},"end":{"line":21,"column":58}},"2":{"start":{"line":24,"column":18},"end":{"line":24,"column":53}},"3":{"start":{"line":25,"column":8},"end":{"line":25,"column":20}},"4":{"start":{"line":28,"column":35},"end":{"line":31,"column":5}},"5":{"start":{"line":33,"column":4},"end":{"line":33,"column":85}},"6":{"start":{"line":37,"column":35},"end":{"line":37,"column":59}},"7":{"start":{"line":38,"column":19},"end":{"line":38,"column":35}},"8":{"start":{"line":39,"column":4},"end":{"line":39,"column":42}}},"fnMap":{"0":{"name":"(anonymous_0)","decl":{"start":{"line":17,"column":17},"end":{"line":17,"column":18}},"loc":{"start":{"line":17,"column":23},"end":{"line":17,"column":25}},"line":17},"1":{"name":"ThemeContextProvider","decl":{"start":{"line":20,"column":16},"end":{"line":20,"column":36}},"loc":{"start":{"line":20,"column":79},"end":{"line":34,"column":1}},"line":20},"2":{"name":"handleToggleTheme","decl":{"start":{"line":23,"column":13},"end":{"line":23,"column":30}},"loc":{"start":{"line":23,"column":33},"end":{"line":26,"column":5}},"line":23},"3":{"name":"useThemeContext","decl":{"start":{"line":36,"column":16},"end":{"line":36,"column":31}},"loc":{"start":{"line":36,"column":34},"end":{"line":40,"column":1}},"line":36}},"branchMap":{"0":{"loc":{"start":{"line":24,"column":18},"end":{"line":24,"column":53}},"type":"cond-expr","locations":[{"start":{"line":24,"column":37},"end":{"line":24,"column":44}},{"start":{"line":24,"column":47},"end":{"line":24,"column":53}}],"line":24}},"s":{"0":0,"1":0,"2":0,"3":0,"4":0,"5":0,"6":0,"7":0,"8":0},"f":{"0":0,"1":0,"2":0,"3":0},"b":{"0":[0,0]}}
}
