TN:
SF:src/store/AuthContext.tsx
FN:33,(anonymous_0)
FN:33,(anonymous_1)
FN:34,(anonymous_2)
FN:35,(anonymous_3)
FN:36,(anonymous_4)
FN:36,(anonymous_5)
FN:37,(anonymous_6)
FN:37,(anonymous_7)
FN:38,(anonymous_8)
FN:38,(anonymous_9)
FN:41,AuthContextProvider
FN:45,handleSignIn
FN:51,(anonymous_12)
FN:62,handleSignUp
FN:84,handleGoogleSignIn
FN:111,handleFacebookSignIn
FN:112,(anonymous_16)
FN:115,handleLogout
FN:124,retrieveUser
FN:125,(anonymous_19)
FN:137,storeUser
FN:139,(anonymous_21)
FN:144,clearStorage
FN:148,(anonymous_23)
FN:164,(anonymous_24)
FNF:25
FNH:13
FNDA:0,(anonymous_0)
FNDA:0,(anonymous_1)
FNDA:0,(anonymous_2)
FNDA:0,(anonymous_3)
FNDA:0,(anonymous_4)
FNDA:0,(anonymous_5)
FNDA:0,(anonymous_6)
FNDA:0,(anonymous_7)
FNDA:0,(anonymous_8)
FNDA:0,(anonymous_9)
FNDA:14,AuthContextProvider
FNDA:3,handleSignIn
FNDA:3,(anonymous_12)
FNDA:1,handleSignUp
FNDA:2,handleGoogleSignIn
FNDA:0,handleFacebookSignIn
FNDA:0,(anonymous_16)
FNDA:3,handleLogout
FNDA:6,retrieveUser
FNDA:6,(anonymous_19)
FNDA:5,storeUser
FNDA:5,(anonymous_21)
FNDA:3,clearStorage
FNDA:6,(anonymous_23)
FNDA:14,(anonymous_24)
DA:31,1
DA:33,0
DA:35,0
DA:36,0
DA:37,0
DA:38,0
DA:42,14
DA:43,14
DA:46,3
DA:47,3
DA:49,3
DA:50,3
DA:51,3
DA:52,3
DA:56,0
DA:63,1
DA:64,1
DA:66,1
DA:67,1
DA:75,1
DA:76,1
DA:77,1
DA:80,0
DA:85,2
DA:86,2
DA:87,2
DA:88,1
DA:89,1
DA:96,1
DA:98,1
DA:99,0
DA:100,0
DA:103,1
DA:104,1
DA:107,0
DA:112,0
DA:116,3
DA:117,3
DA:118,3
DA:125,6
DA:126,6
DA:128,0
DA:129,0
DA:131,0
DA:132,0
DA:138,5
DA:139,5
DA:140,5
DA:145,3
DA:148,14
DA:149,6
DA:152,14
DA:161,14
DA:164,1
DA:165,14
LF:55
LH:40
BRDA:49,0,0,3
BRDA:49,0,1,0
BRDA:66,1,0,1
BRDA:66,1,1,0
BRDA:70,2,0,1
BRDA:70,2,1,0
BRDA:71,3,0,1
BRDA:71,3,1,1
BRDA:72,4,0,1
BRDA:72,4,1,1
BRDA:87,5,0,1
BRDA:87,5,1,1
BRDA:92,6,0,1
BRDA:92,6,1,0
BRDA:93,7,0,1
BRDA:93,7,1,1
BRDA:98,8,0,0
BRDA:98,8,1,1
BRDA:126,9,0,6
BRDA:126,9,1,0
BRDA:131,10,0,0
BRDA:131,10,1,0
BRDA:140,11,0,0
BRDA:140,11,1,5
BRF:24
BRH:15
end_of_record
TN:
SF:src/store/OrdersContext.tsx
FN:20,(anonymous_0)
FN:21,(anonymous_1)
FN:24,OrdersContextProvider
FN:31,handleAddOrderProduct
FN:45,handleRemoveOrderProduct
FNF:5
FNH:0
FNDA:0,(anonymous_0)
FNDA:0,(anonymous_1)
FNDA:0,OrdersContextProvider
FNDA:0,handleAddOrderProduct
FNDA:0,handleRemoveOrderProduct
DA:16,0
DA:26,0
DA:32,0
DA:38,0
DA:43,0
DA:49,0
DA:56,0
LF:7
LH:0
BRF:0
BRH:0
end_of_record
TN:
SF:src/store/ThemeContext.tsx
FN:17,(anonymous_0)
FN:20,ThemeContextProvider
FN:23,handleToggleTheme
FN:36,useThemeContext
FNF:4
FNH:0
FNDA:0,(anonymous_0)
FNDA:0,ThemeContextProvider
FNDA:0,handleToggleTheme
FNDA:0,useThemeContext
DA:15,0
DA:21,0
DA:24,0
DA:25,0
DA:28,0
DA:33,0
DA:37,0
DA:38,0
DA:39,0
LF:9
LH:0
BRDA:24,0,0,0
BRDA:24,0,1,0
BRF:2
BRH:0
end_of_record
